H:\MY_FILE\计算机视觉\第一题\CV2K17234410自动化硕吴琦\STERODEPTHIMG\STERODEPTHIMG\DEBUG\DEEPMAIN.OBJ
H:\MY_FILE\计算机视觉\第一题\CV2K17234410自动化硕吴琦\STERODEPTHIMG\STERODEPTHIMG\DEBUG\VC110.PDB
H:\MY_FILE\计算机视觉\第一题\CV2K17234410自动化硕吴琦\STERODEPTHIMG\DEBUG\STERODEPTHIMG.ILK
H:\MY_FILE\计算机视觉\第一题\CV2K17234410自动化硕吴琦\STERODEPTHIMG\DEBUG\STERODEPTHIMG.EXE
H:\MY_FILE\计算机视觉\第一题\CV2K17234410自动化硕吴琦\STERODEPTHIMG\DEBUG\STERODEPTHIMG.PDB
H:\my_file\计算机视觉\第一题\CV2K17234410自动化硕吴琦\sterodepthimg\sterodepthimg\Debug\deepmain.obj
H:\my_file\计算机视觉\第一题\CV2K17234410自动化硕吴琦\sterodepthimg\sterodepthimg\Debug\CL.read.1.tlog
H:\my_file\计算机视觉\第一题\CV2K17234410自动化硕吴琦\sterodepthimg\sterodepthimg\Debug\CL.write.1.tlog
H:\my_file\计算机视觉\第一题\CV2K17234410自动化硕吴琦\sterodepthimg\sterodepthimg\Debug\cl.command.1.tlog
H:\my_file\计算机视觉\第一题\CV2K17234410自动化硕吴琦\sterodepthimg\sterodepthimg\Debug\link-rc.read.1.tlog
H:\my_file\计算机视觉\第一题\CV2K17234410自动化硕吴琦\sterodepthimg\sterodepthimg\Debug\link-rc.write.1.tlog
H:\my_file\计算机视觉\第一题\CV2K17234410自动化硕吴琦\sterodepthimg\sterodepthimg\Debug\link-cvtres.read.1.tlog
H:\my_file\计算机视觉\第一题\CV2K17234410自动化硕吴琦\sterodepthimg\sterodepthimg\Debug\link-cvtres.write.1.tlog
H:\my_file\计算机视觉\第一题\CV2K17234410自动化硕吴琦\sterodepthimg\sterodepthimg\Debug\link.read.1.tlog
H:\my_file\计算机视觉\第一题\CV2K17234410自动化硕吴琦\sterodepthimg\sterodepthimg\Debug\link.write.1.tlog
H:\my_file\计算机视觉\第一题\CV2K17234410自动化硕吴琦\sterodepthimg\sterodepthimg\Debug\link.command.1.tlog
H:\my_file\计算机视觉\第一题\CV2K17234410自动化硕吴琦\sterodepthimg\sterodepthimg\Debug\vc110.idb
H:\my_file\计算机视觉\第一题\CV2K17234410自动化硕吴琦\sterodepthimg\sterodepthimg\Debug\vc110.pdb
H:\my_file\计算机视觉\第一题\CV2K17234410自动化硕吴琦\sterodepthimg\Debug\sterodepthimg.pdb
H:\my_file\计算机视觉\第一题\CV2K17234410自动化硕吴琦\sterodepthimg\Debug\sterodepthimg.exe
H:\my_file\计算机视觉\第一题\CV2K17234410自动化硕吴琦\sterodepthimg\Debug\sterodepthimg.ilk
